C:\USERS\Сергей\DOCUMENTS\VISUAL STUDIO 2012\PROJECTS\WEBSERVER\DEBUG\WEBSERVER.PCH
C:\USERS\Сергей\DOCUMENTS\VISUAL STUDIO 2012\PROJECTS\WEBSERVER\DEBUG\STDAFX.OBJ
C:\USERS\СЕРГЕЙ\DOCUMENTS\VISUAL STUDIO 2012\PROJECTS\WEBSERVER\DEBUG\VC110.PDB
C:\USERS\Сергей\DOCUMENTS\VISUAL STUDIO 2012\PROJECTS\WEBSERVER\DEBUG\FILER.OBJ
C:\USERS\Сергей\DOCUMENTS\VISUAL STUDIO 2012\PROJECTS\WEBSERVER\DEBUG\PARSER.OBJ
C:\USERS\Сергей\DOCUMENTS\VISUAL STUDIO 2012\PROJECTS\WEBSERVER\DEBUG\SERVER.OBJ
C:\USERS\Сергей\DOCUMENTS\VISUAL STUDIO 2012\PROJECTS\WEBSERVER\DEBUG\WEBSERVER.OBJ
C:\USERS\Сергей\DOCUMENTS\VISUAL STUDIO 2012\PROJECTS\WEBSERVER\DEBUG\WEBSERVER.ILK
C:\USERS\Сергей\DOCUMENTS\VISUAL STUDIO 2012\PROJECTS\WEBSERVER\DEBUG\WEBSERVER.EXE
C:\USERS\СЕРГЕЙ\DOCUMENTS\VISUAL STUDIO 2012\PROJECTS\WEBSERVER\DEBUG\WEBSERVER.PDB
C:\Users\Сергей\Documents\Visual Studio 2012\Projects\WebServer\Debug\filer.obj
C:\Users\Сергей\Documents\Visual Studio 2012\Projects\WebServer\Debug\parser.obj
C:\Users\Сергей\Documents\Visual Studio 2012\Projects\WebServer\Debug\server.obj
C:\Users\Сергей\Documents\Visual Studio 2012\Projects\WebServer\Debug\stdafx.obj
C:\Users\Сергей\Documents\Visual Studio 2012\Projects\WebServer\Debug\WebServer.obj
C:\Users\Сергей\Documents\Visual Studio 2012\Projects\WebServer\Debug\WebServer.ilk
C:\Users\Сергей\Documents\Visual Studio 2012\Projects\WebServer\Debug\cl.command.1.tlog
C:\Users\Сергей\Documents\Visual Studio 2012\Projects\WebServer\Debug\CL.read.1.tlog
C:\Users\Сергей\Documents\Visual Studio 2012\Projects\WebServer\Debug\CL.write.1.tlog
C:\Users\Сергей\Documents\Visual Studio 2012\Projects\WebServer\Debug\link-cvtres.read.1.tlog
C:\Users\Сергей\Documents\Visual Studio 2012\Projects\WebServer\Debug\link-cvtres.write.1.tlog
C:\Users\Сергей\Documents\Visual Studio 2012\Projects\WebServer\Debug\link-rc.read.1.tlog
C:\Users\Сергей\Documents\Visual Studio 2012\Projects\WebServer\Debug\link-rc.write.1.tlog
C:\Users\Сергей\Documents\Visual Studio 2012\Projects\WebServer\Debug\link.1772-cvtres.read.1.tlog
C:\Users\Сергей\Documents\Visual Studio 2012\Projects\WebServer\Debug\link.1772-cvtres.write.1.tlog
C:\Users\Сергей\Documents\Visual Studio 2012\Projects\WebServer\Debug\link.1772-rc.read.1.tlog
C:\Users\Сергей\Documents\Visual Studio 2012\Projects\WebServer\Debug\link.1772-rc.write.1.tlog
C:\Users\Сергей\Documents\Visual Studio 2012\Projects\WebServer\Debug\link.1772.read.1.tlog
C:\Users\Сергей\Documents\Visual Studio 2012\Projects\WebServer\Debug\link.1772.write.1.tlog
C:\Users\Сергей\Documents\Visual Studio 2012\Projects\WebServer\Debug\link.4548-cvtres.read.1.tlog
C:\Users\Сергей\Documents\Visual Studio 2012\Projects\WebServer\Debug\link.4548-cvtres.write.1.tlog
C:\Users\Сергей\Documents\Visual Studio 2012\Projects\WebServer\Debug\link.4548-rc.read.1.tlog
C:\Users\Сергей\Documents\Visual Studio 2012\Projects\WebServer\Debug\link.4548-rc.write.1.tlog
C:\Users\Сергей\Documents\Visual Studio 2012\Projects\WebServer\Debug\link.4548.read.1.tlog
C:\Users\Сергей\Documents\Visual Studio 2012\Projects\WebServer\Debug\link.4548.write.1.tlog
C:\Users\Сергей\Documents\Visual Studio 2012\Projects\WebServer\Debug\link.5768-cvtres.read.1.tlog
C:\Users\Сергей\Documents\Visual Studio 2012\Projects\WebServer\Debug\link.5768-cvtres.write.1.tlog
C:\Users\Сергей\Documents\Visual Studio 2012\Projects\WebServer\Debug\link.5768-rc.read.1.tlog
C:\Users\Сергей\Documents\Visual Studio 2012\Projects\WebServer\Debug\link.5768-rc.write.1.tlog
C:\Users\Сергей\Documents\Visual Studio 2012\Projects\WebServer\Debug\link.5768.read.1.tlog
C:\Users\Сергей\Documents\Visual Studio 2012\Projects\WebServer\Debug\link.5768.write.1.tlog
C:\Users\Сергей\Documents\Visual Studio 2012\Projects\WebServer\Debug\link.7092-cvtres.read.1.tlog
C:\Users\Сергей\Documents\Visual Studio 2012\Projects\WebServer\Debug\link.7092-cvtres.write.1.tlog
C:\Users\Сергей\Documents\Visual Studio 2012\Projects\WebServer\Debug\link.7092-rc.read.1.tlog
C:\Users\Сергей\Documents\Visual Studio 2012\Projects\WebServer\Debug\link.7092-rc.write.1.tlog
C:\Users\Сергей\Documents\Visual Studio 2012\Projects\WebServer\Debug\link.7092.read.1.tlog
C:\Users\Сергей\Documents\Visual Studio 2012\Projects\WebServer\Debug\link.7092.write.1.tlog
C:\Users\Сергей\Documents\Visual Studio 2012\Projects\WebServer\Debug\link.command.1.tlog
C:\Users\Сергей\Documents\Visual Studio 2012\Projects\WebServer\Debug\link.read.1.tlog
C:\Users\Сергей\Documents\Visual Studio 2012\Projects\WebServer\Debug\link.write.1.tlog
C:\Users\Сергей\Documents\Visual Studio 2012\Projects\WebServer\Debug\WebServer.pch
C:\Users\Сергей\Documents\Visual Studio 2012\Projects\WebServer\Debug\vc110.idb
C:\Users\Сергей\Documents\Visual Studio 2012\Projects\WebServer\Debug\vc110.pdb
C:\Users\Сергей\Documents\Visual Studio 2012\Projects\WebServer\Debug\WebServer.pdb
C:\Users\Сергей\Documents\Visual Studio 2012\Projects\WebServer\Debug\WebServer.exe
